# Logfile created on Fri Feb 22 14:05:04 -0200 2013 by logger.rb/1.2.6
D, [2013-02-22T14:05:04.651081 #4529] DEBUG -- : REQUESTING PAGE: GET / with {} and HTTP headers {}
D, [2013-02-22T14:06:50.583620 #4533] DEBUG -- : REQUESTING PAGE: GET / with {} and HTTP headers {}
D, [2013-02-22T14:10:44.626843 #4539] DEBUG -- : REQUESTING PAGE: GET / with {} and HTTP headers {}
D, [2013-02-22T14:11:30.760655 #4544] DEBUG -- : REQUESTING PAGE: GET / with {} and HTTP headers {}
D, [2013-02-22T14:14:36.517667 #4548] DEBUG -- : REQUESTING PAGE: GET / with {} and HTTP headers {}
D, [2013-02-22T14:18:52.579748 #4555] DEBUG -- : REQUESTING PAGE: GET / with {} and HTTP headers {}
D, [2013-02-22T14:19:21.580220 #4558] DEBUG -- : REQUESTING PAGE: GET / with {} and HTTP headers {}
D, [2013-02-22T14:19:42.677725 #4563] DEBUG -- : REQUESTING PAGE: GET / with {} and HTTP headers {}
D, [2013-02-22T14:30:34.806621 #4607] DEBUG -- : REQUESTING PAGE: GET / with {} and HTTP headers {}
D, [2013-02-22T14:37:43.378263 #4626] DEBUG -- : REQUESTING PAGE: GET / with {} and HTTP headers {}
D, [2013-02-22T14:54:42.166198 #4645] DEBUG -- : REQUESTING PAGE: GET / with {} and HTTP headers {}
D, [2013-02-22T14:55:55.360410 #4650] DEBUG -- : REQUESTING PAGE: GET / with {} and HTTP headers {}
D, [2013-02-22T14:58:12.212950 #4654] DEBUG -- : REQUESTING PAGE: GET / with {} and HTTP headers {}
D, [2013-02-22T15:02:06.996153 #4698] DEBUG -- : REQUESTING PAGE: GET / with {} and HTTP headers {}
D, [2013-02-22T15:12:18.269806 #4846] DEBUG -- : REQUESTING PAGE: GET / with {} and HTTP headers {}
D, [2013-02-22T15:12:52.749283 #4850] DEBUG -- : REQUESTING PAGE: GET / with {} and HTTP headers {}
D, [2013-02-22T15:20:46.538650 #4901] DEBUG -- : REQUESTING PAGE: GET / with {} and HTTP headers {}
D, [2013-02-22T16:14:07.181398 #5529] DEBUG -- : REQUESTING PAGE: GET / with {} and HTTP headers {}
D, [2013-02-22T16:15:31.492390 #5566] DEBUG -- : REQUESTING PAGE: GET / with {} and HTTP headers {}
D, [2013-02-22T16:24:38.994007 #5594] DEBUG -- : REQUESTING PAGE: GET / with {} and HTTP headers {}
D, [2013-02-22T16:32:59.066354 #5614] DEBUG -- : REQUESTING PAGE: GET /iniciar with {} and HTTP headers {}
D, [2013-02-22T16:32:59.073161 #5614] DEBUG -- : REQUESTING PAGE: GET / with {} and HTTP headers {}
D, [2013-02-22T16:41:21.530634 #5622] DEBUG -- : REQUESTING PAGE: GET /iniciar with {} and HTTP headers {}
D, [2013-02-22T16:41:21.546251 #5622] DEBUG -- : REQUESTING PAGE: GET /buscarPalabra with {"letraInicialY"=>"0", "letraInicialX"=>"0", "letraFinalY"=>"0", "letraFinalX"=>"0"} and HTTP headers {"HTTP_REFERER"=>"/iniciar"}
D, [2013-02-22T16:41:21.549128 #5622] DEBUG -- : REQUESTING PAGE: GET / with {} and HTTP headers {}
D, [2013-02-22T16:51:54.760042 #5629] DEBUG -- : REQUESTING PAGE: GET / with {} and HTTP headers {}
D, [2013-02-22T16:52:15.926612 #5635] DEBUG -- : REQUESTING PAGE: GET /iniciar with {} and HTTP headers {}
D, [2013-02-22T16:52:15.942976 #5635] DEBUG -- : REQUESTING PAGE: GET /buscarPalabra with {"letraFinalY"=>"0", "letraFinalX"=>"0", "letraInicialY"=>"0", "letraInicialX"=>"0"} and HTTP headers {"HTTP_REFERER"=>"/iniciar"}
D, [2013-02-22T16:52:15.946237 #5635] DEBUG -- : REQUESTING PAGE: GET / with {} and HTTP headers {}
D, [2013-02-22T16:53:34.869175 #5638] DEBUG -- : REQUESTING PAGE: GET /iniciar with {} and HTTP headers {}
D, [2013-02-22T16:53:34.885397 #5638] DEBUG -- : REQUESTING PAGE: GET /buscarPalabra with {"letraFinalY"=>"0", "letraFinalX"=>"0", "letraInicialY"=>"0", "letraInicialX"=>"0"} and HTTP headers {"HTTP_REFERER"=>"/iniciar"}
D, [2013-02-22T16:53:34.889295 #5638] DEBUG -- : REQUESTING PAGE: GET / with {} and HTTP headers {}
D, [2013-02-22T17:15:05.405521 #5652] DEBUG -- : REQUESTING PAGE: GET /iniciar with {} and HTTP headers {}
D, [2013-02-22T17:15:05.422409 #5652] DEBUG -- : REQUESTING PAGE: GET /buscarPalabra with {"letraInicialY"=>"0", "letraInicialX"=>"0", "letraFinalY"=>"0", "letraFinalX"=>"0"} and HTTP headers {"HTTP_REFERER"=>"/iniciar"}
D, [2013-02-22T17:15:05.424911 #5652] DEBUG -- : REQUESTING PAGE: GET / with {} and HTTP headers {}
D, [2013-02-22T18:37:54.585638 #5902] DEBUG -- : REQUESTING PAGE: GET /iniciar with {} and HTTP headers {}
D, [2013-02-22T18:37:54.602052 #5902] DEBUG -- : REQUESTING PAGE: GET /buscarPalabra with {"letraFinalY"=>"0", "letraFinalX"=>"0", "letraInicialY"=>"0", "letraInicialX"=>"0"} and HTTP headers {"HTTP_REFERER"=>"/iniciar"}
D, [2013-02-22T18:37:54.604238 #5902] DEBUG -- : REQUESTING PAGE: GET / with {} and HTTP headers {}
D, [2013-02-22T18:38:51.599235 #5906] DEBUG -- : REQUESTING PAGE: GET /iniciar with {} and HTTP headers {}
D, [2013-02-22T18:38:51.616239 #5906] DEBUG -- : REQUESTING PAGE: GET /buscarPalabra with {"letraInicialY"=>"0", "letraInicialX"=>"0", "letraFinalY"=>"0", "letraFinalX"=>"0"} and HTTP headers {"HTTP_REFERER"=>"/iniciar"}
D, [2013-02-22T18:38:51.620164 #5906] DEBUG -- : REQUESTING PAGE: GET / with {} and HTTP headers {}
D, [2013-02-22T18:40:53.068656 #5912] DEBUG -- : REQUESTING PAGE: GET /iniciar with {} and HTTP headers {}
D, [2013-02-22T18:40:53.085361 #5912] DEBUG -- : REQUESTING PAGE: GET /buscarPalabra with {"letraInicialY"=>"0", "letraInicialX"=>"0", "letraFinalY"=>"0", "letraFinalX"=>"0"} and HTTP headers {"HTTP_REFERER"=>"/iniciar"}
D, [2013-02-22T18:40:53.089775 #5912] DEBUG -- : REQUESTING PAGE: GET / with {} and HTTP headers {}
D, [2013-02-22T18:42:49.957544 #5917] DEBUG -- : REQUESTING PAGE: GET /iniciar with {} and HTTP headers {}
D, [2013-02-22T18:42:49.974021 #5917] DEBUG -- : REQUESTING PAGE: POST /buscarPalabra with {"letraInicialY"=>"0", "letraInicialX"=>"0", "letraFinalY"=>"0", "letraFinalX"=>"0"} and HTTP headers {"HTTP_REFERER"=>"/iniciar"}
D, [2013-02-22T18:42:51.228752 #5917] DEBUG -- : REQUESTING PAGE: GET / with {} and HTTP headers {}
D, [2013-02-22T18:43:30.319191 #5923] DEBUG -- : REQUESTING PAGE: GET /iniciar with {} and HTTP headers {}
D, [2013-02-22T18:43:30.334038 #5923] DEBUG -- : REQUESTING PAGE: POST /buscarPalabra with {"letraInicialY"=>"0", "letraInicialX"=>"0", "letraFinalY"=>"0", "letraFinalX"=>"0"} and HTTP headers {"HTTP_REFERER"=>"/iniciar"}
D, [2013-02-22T18:43:31.245666 #5923] DEBUG -- : REQUESTING PAGE: GET / with {} and HTTP headers {}
D, [2013-02-22T18:51:42.483275 #5936] DEBUG -- : REQUESTING PAGE: GET /iniciar with {} and HTTP headers {}
D, [2013-02-22T18:51:42.500093 #5936] DEBUG -- : REQUESTING PAGE: POST /buscarPalabra with {"letraFinalY"=>"0", "letraFinalX"=>"0", "letraInicialY"=>"0", "letraInicialX"=>"0"} and HTTP headers {"HTTP_REFERER"=>"/iniciar"}
D, [2013-02-22T18:51:42.504478 #5936] DEBUG -- : REQUESTING PAGE: GET / with {} and HTTP headers {}
D, [2013-02-22T18:56:33.395840 #5943] DEBUG -- : REQUESTING PAGE: GET /iniciar with {} and HTTP headers {}
D, [2013-02-22T18:56:33.412260 #5943] DEBUG -- : REQUESTING PAGE: POST /buscarPalabra with {"letraInicialY"=>"0", "letraInicialX"=>"0", "letraFinalY"=>"0", "letraFinalX"=>"0"} and HTTP headers {"HTTP_REFERER"=>"/iniciar"}
D, [2013-02-22T18:56:33.416524 #5943] DEBUG -- : REQUESTING PAGE: GET / with {} and HTTP headers {}
D, [2013-02-22T18:58:55.375999 #5947] DEBUG -- : REQUESTING PAGE: GET /iniciar with {} and HTTP headers {}
D, [2013-02-22T18:58:55.392161 #5947] DEBUG -- : REQUESTING PAGE: POST /buscarPalabra with {"letraInicialY"=>"0", "letraInicialX"=>"0", "letraFinalY"=>"0", "letraFinalX"=>"0"} and HTTP headers {"HTTP_REFERER"=>"/iniciar"}
D, [2013-02-22T18:58:55.397217 #5947] DEBUG -- : REQUESTING PAGE: GET / with {} and HTTP headers {}
